{"C:\\Users\\cp\\OneDrive\\Рабочий стол\\unit-test\\src\\index.js": {"path":"C:\\Users\\cp\\OneDrive\\Рабочий стол\\unit-test\\src\\index.js","statementMap":{"0":{"start":{"line":1,"column":24},"end":{"line":5,"column":1}},"1":{"start":{"line":2,"column":2},"end":{"line":2,"column":36}},"2":{"start":{"line":2,"column":19},"end":{"line":2,"column":36}},"3":{"start":{"line":3,"column":2},"end":{"line":3,"column":53}},"4":{"start":{"line":3,"column":36},"end":{"line":3,"column":53}},"5":{"start":{"line":4,"column":2},"end":{"line":4,"column":20}}},"fnMap":{"0":{"name":"(anonymous_0)","decl":{"start":{"line":1,"column":24},"end":{"line":1,"column":25}},"loc":{"start":{"line":1,"column":46},"end":{"line":5,"column":1}},"line":1}},"branchMap":{"0":{"loc":{"start":{"line":2,"column":2},"end":{"line":2,"column":36}},"type":"if","locations":[{"start":{"line":2,"column":2},"end":{"line":2,"column":36}},{"start":{},"end":{}}],"line":2},"1":{"loc":{"start":{"line":3,"column":2},"end":{"line":3,"column":53}},"type":"if","locations":[{"start":{"line":3,"column":2},"end":{"line":3,"column":53}},{"start":{},"end":{}}],"line":3},"2":{"loc":{"start":{"line":3,"column":6},"end":{"line":3,"column":34}},"type":"binary-expr","locations":[{"start":{"line":3,"column":6},"end":{"line":3,"column":18}},{"start":{"line":3,"column":22},"end":{"line":3,"column":34}}],"line":3}},"s":{"0":1,"1":3,"2":1,"3":2,"4":1,"5":1},"f":{"0":3},"b":{"0":[1,2],"1":[1,1],"2":[2,1]},"_coverageSchema":"1a1c01bbd47fc00a2c39e90264f33305004495a9","hash":"64ba2810e43505be9db09589c0c86a1540419a22"}
}
